  [1m[35m (244.6ms)[0m  [1m[35mCREATE DATABASE "insta_clone_development" ENCODING = 'unicode'[0m
  ↳ bin/rails:9
  [1m[35m (94.3ms)[0m  [1m[35mCREATE DATABASE "insta_clone_test" ENCODING = 'unicode'[0m
  ↳ bin/rails:9
  [1m[35m (56.4ms)[0m  [1m[35mCREATE TABLE "schema_migrations" ("version" character varying NOT NULL PRIMARY KEY)[0m
  ↳ bin/rails:9
  [1m[35m (8.5ms)[0m  [1m[35mCREATE TABLE "ar_internal_metadata" ("key" character varying NOT NULL PRIMARY KEY, "value" character varying, "created_at" timestamp NOT NULL, "updated_at" timestamp NOT NULL)[0m
  ↳ bin/rails:9
  [1m[35m (1.0ms)[0m  [1m[34mSELECT pg_try_advisory_lock(3941957542784498265)[0m
  ↳ bin/rails:9
  [1m[35m (0.5ms)[0m  [1m[34mSELECT "schema_migrations"."version" FROM "schema_migrations" ORDER BY "schema_migrations"."version" ASC[0m
  ↳ bin/rails:9
Migrating to CreateUsers (20200123081439)
  [1m[35m (0.1ms)[0m  [1m[35mBEGIN[0m
  ↳ bin/rails:9
  [1m[35m (12.6ms)[0m  [1m[35mCREATE TABLE "users" ("id" bigserial primary key, "name" character varying, "email" character varying, "password_digest" character varying, "created_at" timestamp NOT NULL, "updated_at" timestamp NOT NULL)[0m
  ↳ db/migrate/20200123081439_create_users.rb:3
  [1m[36mActiveRecord::SchemaMigration Create (0.4ms)[0m  [1m[32mINSERT INTO "schema_migrations" ("version") VALUES ($1) RETURNING "version"[0m  [["version", "20200123081439"]]
  ↳ bin/rails:9
  [1m[35m (0.5ms)[0m  [1m[35mCOMMIT[0m
  ↳ bin/rails:9
Migrating to CreatePictures (20200123081630)
  [1m[35m (0.3ms)[0m  [1m[35mBEGIN[0m
  ↳ bin/rails:9
  [1m[35m (15.6ms)[0m  [1m[35mCREATE TABLE "pictures" ("id" bigserial primary key, "title" character varying, "content" text, "image" text, "user_id" bigint, "created_at" timestamp NOT NULL, "updated_at" timestamp NOT NULL, CONSTRAINT "fk_rails_3268570edc"
FOREIGN KEY ("user_id")
  REFERENCES "users" ("id")
)[0m
  ↳ db/migrate/20200123081630_create_pictures.rb:3
  [1m[35m (2.3ms)[0m  [1m[35mCREATE  INDEX  "index_pictures_on_user_id" ON "pictures"  ("user_id")[0m
  ↳ db/migrate/20200123081630_create_pictures.rb:3
  [1m[36mActiveRecord::SchemaMigration Create (0.3ms)[0m  [1m[32mINSERT INTO "schema_migrations" ("version") VALUES ($1) RETURNING "version"[0m  [["version", "20200123081630"]]
  ↳ bin/rails:9
  [1m[35m (0.6ms)[0m  [1m[35mCOMMIT[0m
  ↳ bin/rails:9
  [1m[36mActiveRecord::InternalMetadata Load (0.3ms)[0m  [1m[34mSELECT  "ar_internal_metadata".* FROM "ar_internal_metadata" WHERE "ar_internal_metadata"."key" = $1 LIMIT $2[0m  [["key", "environment"], ["LIMIT", 1]]
  ↳ bin/rails:9
  [1m[35m (0.2ms)[0m  [1m[35mBEGIN[0m
  ↳ bin/rails:9
  [1m[36mActiveRecord::InternalMetadata Create (0.6ms)[0m  [1m[32mINSERT INTO "ar_internal_metadata" ("key", "value", "created_at", "updated_at") VALUES ($1, $2, $3, $4) RETURNING "key"[0m  [["key", "environment"], ["value", "development"], ["created_at", "2020-01-23 17:18:11.701595"], ["updated_at", "2020-01-23 17:18:11.701595"]]
  ↳ bin/rails:9
  [1m[35m (0.8ms)[0m  [1m[35mCOMMIT[0m
  ↳ bin/rails:9
  [1m[35m (0.2ms)[0m  [1m[34mSELECT pg_advisory_unlock(3941957542784498265)[0m
  ↳ bin/rails:9
  [1m[35m (0.2ms)[0m  [1m[34mSELECT "schema_migrations"."version" FROM "schema_migrations" ORDER BY "schema_migrations"."version" ASC[0m
  ↳ bin/rails:9
  [1m[35m (0.1ms)[0m  [1m[34mSELECT pg_try_advisory_lock(3941957542784498265)[0m
  ↳ bin/rails:9
  [1m[35m (0.6ms)[0m  [1m[34mSELECT "schema_migrations"."version" FROM "schema_migrations" ORDER BY "schema_migrations"."version" ASC[0m
  ↳ bin/rails:9
Migrating to AddIndexToUsersEmail (20200123082155)
  [1m[35m (0.2ms)[0m  [1m[35mBEGIN[0m
  ↳ bin/rails:9
  [1m[35m (6.6ms)[0m  [1m[35mCREATE UNIQUE INDEX  "index_users_on_email" ON "users"  ("email")[0m
  ↳ db/migrate/20200123082155_add_index_to_users_email.rb:3
  [1m[36mActiveRecord::SchemaMigration Create (0.5ms)[0m  [1m[32mINSERT INTO "schema_migrations" ("version") VALUES ($1) RETURNING "version"[0m  [["version", "20200123082155"]]
  ↳ bin/rails:9
  [1m[35m (23.1ms)[0m  [1m[35mCOMMIT[0m
  ↳ bin/rails:9
  [1m[36mActiveRecord::InternalMetadata Load (0.8ms)[0m  [1m[34mSELECT  "ar_internal_metadata".* FROM "ar_internal_metadata" WHERE "ar_internal_metadata"."key" = $1 LIMIT $2[0m  [["key", "environment"], ["LIMIT", 1]]
  ↳ bin/rails:9
  [1m[35m (0.2ms)[0m  [1m[35mBEGIN[0m
  ↳ bin/rails:9
  [1m[35m (0.1ms)[0m  [1m[35mCOMMIT[0m
  ↳ bin/rails:9
  [1m[35m (0.2ms)[0m  [1m[34mSELECT pg_advisory_unlock(3941957542784498265)[0m
  ↳ bin/rails:9
  [1m[35m (0.4ms)[0m  [1m[34mSELECT "schema_migrations"."version" FROM "schema_migrations" ORDER BY "schema_migrations"."version" ASC[0m
  ↳ bin/rails:9
  [1m[35m (0.2ms)[0m  [1m[35mBEGIN[0m
  [1m[36mUser Create (5.5ms)[0m  [1m[32mINSERT INTO "users" ("name", "email", "password_digest", "created_at", "updated_at") VALUES ($1, $2, $3, $4, $5) RETURNING "id"[0m  [["name", "shibao"], ["email", "shibao@dic.com"], ["password_digest", "$2a$10$6WM2zozPgukDtdSy2e8Yi.EaNiEbCCVXK9Y1Yii1SpbpqkKf7ETGW"], ["created_at", "2020-01-23 17:25:49.953760"], ["updated_at", "2020-01-23 17:25:49.953760"]]
  [1m[35m (4.8ms)[0m  [1m[35mCOMMIT[0m
  [1m[36mUser Load (0.4ms)[0m  [1m[34mSELECT  "users".* FROM "users" LIMIT $1[0m  [["LIMIT", 11]]
Started GET "/users" for ::1 at 2020-01-23 17:40:45 +0900
  [1m[35m (1.0ms)[0m  [1m[34mSELECT "schema_migrations"."version" FROM "schema_migrations" ORDER BY "schema_migrations"."version" ASC[0m
  ↳ /Users/tsutamasato/.rbenv/versions/2.6.3/lib/ruby/gems/2.6.0/gems/activerecord-5.2.4.1/lib/active_record/log_subscriber.rb:98
  
ActionController::RoutingError (No route matches [GET] "/users"):
  
actionpack (5.2.4.1) lib/action_dispatch/middleware/debug_exceptions.rb:65:in `call'
web-console (3.7.0) lib/web_console/middleware.rb:135:in `call_app'
web-console (3.7.0) lib/web_console/middleware.rb:30:in `block in call'
web-console (3.7.0) lib/web_console/middleware.rb:20:in `catch'
web-console (3.7.0) lib/web_console/middleware.rb:20:in `call'
actionpack (5.2.4.1) lib/action_dispatch/middleware/show_exceptions.rb:33:in `call'
railties (5.2.4.1) lib/rails/rack/logger.rb:38:in `call_app'
railties (5.2.4.1) lib/rails/rack/logger.rb:26:in `block in call'
activesupport (5.2.4.1) lib/active_support/tagged_logging.rb:71:in `block in tagged'
activesupport (5.2.4.1) lib/active_support/tagged_logging.rb:28:in `tagged'
activesupport (5.2.4.1) lib/active_support/tagged_logging.rb:71:in `tagged'
railties (5.2.4.1) lib/rails/rack/logger.rb:26:in `call'
sprockets-rails (3.2.1) lib/sprockets/rails/quiet_assets.rb:13:in `call'
actionpack (5.2.4.1) lib/action_dispatch/middleware/remote_ip.rb:81:in `call'
actionpack (5.2.4.1) lib/action_dispatch/middleware/request_id.rb:27:in `call'
rack (2.1.1) lib/rack/method_override.rb:24:in `call'
rack (2.1.1) lib/rack/runtime.rb:24:in `call'
activesupport (5.2.4.1) lib/active_support/cache/strategy/local_cache_middleware.rb:29:in `call'
actionpack (5.2.4.1) lib/action_dispatch/middleware/executor.rb:14:in `call'
actionpack (5.2.4.1) lib/action_dispatch/middleware/static.rb:127:in `call'
rack (2.1.1) lib/rack/sendfile.rb:113:in `call'
railties (5.2.4.1) lib/rails/engine.rb:524:in `call'
puma (3.12.2) lib/puma/configuration.rb:227:in `call'
puma (3.12.2) lib/puma/server.rb:674:in `handle_request'
puma (3.12.2) lib/puma/server.rb:476:in `process_client'
puma (3.12.2) lib/puma/server.rb:334:in `block in run'
puma (3.12.2) lib/puma/thread_pool.rb:135:in `block in spawn_thread'
Started GET "/users/new" for ::1 at 2020-01-23 17:41:00 +0900
Processing by UsersController#new as HTML
  Rendering users/new.html.erb within layouts/application
  Rendered users/_form.html.erb (16.9ms)
  Rendered users/new.html.erb within layouts/application (18.3ms)
Completed 500 Internal Server Error in 44ms (ActiveRecord: 12.2ms)


  
ActionView::Template::Error (:ja is not a valid locale):
    12:   <% end %>
    13: 
    14:   <div class="field">
    15:     <%= form.label :name %>
    16:     <%= form.text_field :name %>
    17:   </div>
    18: 
  
app/views/users/_form.html.erb:15:in `block in _app_views_users__form_html_erb__262380171364287430_70097088225760'
app/views/users/_form.html.erb:1:in `_app_views_users__form_html_erb__262380171364287430_70097088225760'
app/views/users/new.html.erb:3:in `_app_views_users_new_html_erb___2224012691237456932_70097088197300'
Started GET "/users/new" for ::1 at 2020-01-23 17:41:46 +0900
Processing by UsersController#new as HTML
  Rendering users/new.html.erb within layouts/application
  Rendered users/_form.html.erb (1.9ms)
  Rendered users/new.html.erb within layouts/application (2.8ms)
Completed 500 Internal Server Error in 13ms (ActiveRecord: 2.4ms)


  
ActionView::Template::Error (:ja is not a valid locale):
    12:   <% end %>
    13: 
    14:   <div class="field">
    15:     <%= form.label :name %>
    16:     <%= form.text_field :name %>
    17:   </div>
    18: 
  
app/views/users/_form.html.erb:15:in `block in _app_views_users__form_html_erb__262380171364287430_70097088421300'
app/views/users/_form.html.erb:1:in `_app_views_users__form_html_erb__262380171364287430_70097088421300'
app/views/users/new.html.erb:3:in `_app_views_users_new_html_erb___2224012691237456932_70097106058580'
Started GET "/users" for ::1 at 2020-01-23 17:42:03 +0900
Processing by UsersController#index as HTML
  Rendering users/index.html.erb within layouts/application
  [1m[36mUser Load (1.0ms)[0m  [1m[34mSELECT "users".* FROM "users"[0m
  ↳ app/views/users/index.html.erb:16
  Rendered users/index.html.erb within layouts/application (4.6ms)
Completed 200 OK in 313ms (Views: 310.2ms | ActiveRecord: 1.0ms)


Started GET "/users/new" for ::1 at 2020-01-23 17:42:09 +0900
Processing by UsersController#new as HTML
  Rendering users/new.html.erb within layouts/application
  Rendered users/_form.html.erb (3.4ms)
  Rendered users/new.html.erb within layouts/application (6.8ms)
Completed 500 Internal Server Error in 11ms (ActiveRecord: 0.0ms)


  
ActionView::Template::Error (:ja is not a valid locale):
    12:   <% end %>
    13: 
    14:   <div class="field">
    15:     <%= form.label :name %>
    16:     <%= form.text_field :name %>
    17:   </div>
    18: 
  
app/views/users/_form.html.erb:15:in `block in _app_views_users__form_html_erb__262380171364287430_70097107449780'
app/views/users/_form.html.erb:1:in `_app_views_users__form_html_erb__262380171364287430_70097107449780'
app/views/users/new.html.erb:3:in `_app_views_users_new_html_erb___2224012691237456932_70097107379980'
Started GET "/users/new" for ::1 at 2020-01-23 17:43:03 +0900
Processing by UsersController#new as HTML
  Rendering users/new.html.erb within layouts/application
  Rendered users/_form.html.erb (1.3ms)
  Rendered users/new.html.erb within layouts/application (2.1ms)
Completed 500 Internal Server Error in 5ms (ActiveRecord: 0.0ms)


  
ActionView::Template::Error (:ja is not a valid locale):
    12:   <% end %>
    13: 
    14:   <div class="field">
    15:     <%= form.label :name %>
    16:     <%= form.text_field :name %>
    17:   </div>
    18: 
  
app/views/users/_form.html.erb:15:in `block in _app_views_users__form_html_erb__262380171364287430_70097077334940'
app/views/users/_form.html.erb:1:in `_app_views_users__form_html_erb__262380171364287430_70097077334940'
app/views/users/new.html.erb:3:in `_app_views_users_new_html_erb___2224012691237456932_70097077266080'
Started GET "/users/new" for ::1 at 2020-01-23 17:46:55 +0900
Processing by UsersController#new as HTML
  Rendering users/new.html.erb within layouts/application
  Rendered users/_form.html.erb (2.6ms)
  Rendered users/new.html.erb within layouts/application (4.4ms)
Completed 500 Internal Server Error in 12ms (ActiveRecord: 0.0ms)


  
ActionView::Template::Error (:ja is not a valid locale):
    12:   <% end %>
    13: 
    14:   <div class="field">
    15:     <%= form.label :name %>
    16:     <%= form.text_field :name %>
    17:   </div>
    18: 
  
app/views/users/_form.html.erb:15:in `block in _app_views_users__form_html_erb__262380171364287430_70097090483160'
app/views/users/_form.html.erb:1:in `_app_views_users__form_html_erb__262380171364287430_70097090483160'
app/views/users/new.html.erb:3:in `_app_views_users_new_html_erb___2224012691237456932_70097090448040'
Started GET "/users/new" for ::1 at 2020-01-23 17:49:46 +0900
  [1m[35m (1.5ms)[0m  [1m[34mSELECT "schema_migrations"."version" FROM "schema_migrations" ORDER BY "schema_migrations"."version" ASC[0m
  ↳ /Users/tsutamasato/.rbenv/versions/2.6.3/lib/ruby/gems/2.6.0/gems/activerecord-5.2.4.1/lib/active_record/log_subscriber.rb:98
Processing by UsersController#new as HTML
  Rendering users/new.html.erb within layouts/application
  Rendered users/_form.html.erb (18.0ms)
  Rendered users/new.html.erb within layouts/application (20.5ms)
Completed 500 Internal Server Error in 43ms (ActiveRecord: 3.4ms)


  
ActionView::Template::Error (:ja is not a valid locale):
    12:   <% end %>
    13: 
    14:   <div class="field">
    15:     <%= form.label :name %>
    16:     <%= form.text_field :name %>
    17:   </div>
    18: 
  
app/views/users/_form.html.erb:15:in `block in _app_views_users__form_html_erb___4243365428967119609_70190236961040'
app/views/users/_form.html.erb:1:in `_app_views_users__form_html_erb___4243365428967119609_70190236961040'
app/views/users/new.html.erb:3:in `_app_views_users_new_html_erb___512722616796687951_70190236947160'
Started GET "/sessions/new" for ::1 at 2020-01-23 18:02:19 +0900
  [1m[35m (0.5ms)[0m  [1m[34mSELECT "schema_migrations"."version" FROM "schema_migrations" ORDER BY "schema_migrations"."version" ASC[0m
  ↳ /Users/tsutamasato/.rbenv/versions/2.6.3/lib/ruby/gems/2.6.0/gems/activerecord-5.2.4.1/lib/active_record/log_subscriber.rb:98
Processing by SessionsController#new as HTML
  Rendering sessions/new.html.erb within layouts/application
  Rendered sessions/new.html.erb within layouts/application (25.1ms)
Completed 500 Internal Server Error in 38ms (ActiveRecord: 0.0ms)


  
ActionView::Template::Error (:ja is not a valid locale):
    1: <h1>Log in</h1>
    2: <%= form_with(scope: :session, url: sessions_path, local: true) do |f| %>
    3: 
    4:   <%= f.label :email %>
    5:   <%= f.email_field :email %>
    6: 
    7:   <%= f.label :password %>
  
app/views/sessions/new.html.erb:4:in `block in _app_views_sessions_new_html_erb__3381837227544013830_70360574848960'
app/views/sessions/new.html.erb:2:in `_app_views_sessions_new_html_erb__3381837227544013830_70360574848960'
Started GET "/sessions/new" for ::1 at 2020-01-23 18:14:49 +0900
  [1m[35m (0.5ms)[0m  [1m[34mSELECT "schema_migrations"."version" FROM "schema_migrations" ORDER BY "schema_migrations"."version" ASC[0m
  ↳ /Users/tsutamasato/.rbenv/versions/2.6.3/lib/ruby/gems/2.6.0/gems/activerecord-5.2.4.1/lib/active_record/log_subscriber.rb:98
Processing by SessionsController#new as HTML
  Rendering sessions/new.html.erb within layouts/application
  Rendered sessions/new.html.erb within layouts/application (68.7ms)
  [1m[36mUser Load (0.5ms)[0m  [1m[34mSELECT  "users".* FROM "users" WHERE "users"."id" IS NULL LIMIT $1[0m  [["LIMIT", 1]]
  ↳ app/helpers/sessions_helper.rb:3
Completed 200 OK in 333ms (Views: 323.3ms | ActiveRecord: 3.4ms)


Started GET "/users" for ::1 at 2020-01-23 18:14:55 +0900
  
ActionController::RoutingError (No route matches [GET] "/users"):
  
actionpack (5.2.4.1) lib/action_dispatch/middleware/debug_exceptions.rb:65:in `call'
web-console (3.7.0) lib/web_console/middleware.rb:135:in `call_app'
web-console (3.7.0) lib/web_console/middleware.rb:30:in `block in call'
web-console (3.7.0) lib/web_console/middleware.rb:20:in `catch'
web-console (3.7.0) lib/web_console/middleware.rb:20:in `call'
actionpack (5.2.4.1) lib/action_dispatch/middleware/show_exceptions.rb:33:in `call'
railties (5.2.4.1) lib/rails/rack/logger.rb:38:in `call_app'
railties (5.2.4.1) lib/rails/rack/logger.rb:26:in `block in call'
activesupport (5.2.4.1) lib/active_support/tagged_logging.rb:71:in `block in tagged'
activesupport (5.2.4.1) lib/active_support/tagged_logging.rb:28:in `tagged'
activesupport (5.2.4.1) lib/active_support/tagged_logging.rb:71:in `tagged'
railties (5.2.4.1) lib/rails/rack/logger.rb:26:in `call'
sprockets-rails (3.2.1) lib/sprockets/rails/quiet_assets.rb:13:in `call'
actionpack (5.2.4.1) lib/action_dispatch/middleware/remote_ip.rb:81:in `call'
actionpack (5.2.4.1) lib/action_dispatch/middleware/request_id.rb:27:in `call'
rack (2.1.1) lib/rack/method_override.rb:24:in `call'
rack (2.1.1) lib/rack/runtime.rb:24:in `call'
activesupport (5.2.4.1) lib/active_support/cache/strategy/local_cache_middleware.rb:29:in `call'
actionpack (5.2.4.1) lib/action_dispatch/middleware/executor.rb:14:in `call'
actionpack (5.2.4.1) lib/action_dispatch/middleware/static.rb:127:in `call'
rack (2.1.1) lib/rack/sendfile.rb:113:in `call'
railties (5.2.4.1) lib/rails/engine.rb:524:in `call'
puma (3.12.2) lib/puma/configuration.rb:227:in `call'
puma (3.12.2) lib/puma/server.rb:674:in `handle_request'
puma (3.12.2) lib/puma/server.rb:476:in `process_client'
puma (3.12.2) lib/puma/server.rb:334:in `block in run'
puma (3.12.2) lib/puma/thread_pool.rb:135:in `block in spawn_thread'
Started GET "/users/new" for ::1 at 2020-01-23 18:15:00 +0900
Processing by UsersController#new as HTML
  Rendering users/new.html.erb within layouts/application
  Rendered users/_form.html.erb (3.9ms)
  Rendered users/new.html.erb within layouts/application (5.9ms)
  [1m[36mUser Load (0.2ms)[0m  [1m[34mSELECT  "users".* FROM "users" WHERE "users"."id" IS NULL LIMIT $1[0m  [["LIMIT", 1]]
  ↳ app/helpers/sessions_helper.rb:3
Completed 200 OK in 37ms (Views: 25.5ms | ActiveRecord: 3.4ms)


Started GET "/users/new" for ::1 at 2020-01-23 18:16:35 +0900
  [1m[35m (0.6ms)[0m  [1m[34mSELECT "schema_migrations"."version" FROM "schema_migrations" ORDER BY "schema_migrations"."version" ASC[0m
  ↳ /Users/tsutamasato/.rbenv/versions/2.6.3/lib/ruby/gems/2.6.0/gems/activerecord-5.2.4.1/lib/active_record/log_subscriber.rb:98
Processing by UsersController#new as HTML
  Rendering users/new.html.erb within layouts/application
  Rendered users/_form.html.erb (34.0ms)
  Rendered users/new.html.erb within layouts/application (36.6ms)
  [1m[36mUser Load (0.6ms)[0m  [1m[34mSELECT  "users".* FROM "users" WHERE "users"."id" IS NULL LIMIT $1[0m  [["LIMIT", 1]]
  ↳ app/helpers/sessions_helper.rb:3
Completed 200 OK in 267ms (Views: 252.3ms | ActiveRecord: 3.7ms)


Started GET "/users/new" for ::1 at 2020-01-23 18:18:32 +0900
  [1m[35m (0.5ms)[0m  [1m[34mSELECT "schema_migrations"."version" FROM "schema_migrations" ORDER BY "schema_migrations"."version" ASC[0m
  ↳ /Users/tsutamasato/.rbenv/versions/2.6.3/lib/ruby/gems/2.6.0/gems/activerecord-5.2.4.1/lib/active_record/log_subscriber.rb:98
Processing by UsersController#new as HTML
  Rendering users/new.html.erb within layouts/application
  Rendered users/_form.html.erb (8.0ms)
  Rendered users/new.html.erb within layouts/application (9.2ms)
  [1m[36mUser Load (1.4ms)[0m  [1m[34mSELECT  "users".* FROM "users" WHERE "users"."id" IS NULL LIMIT $1[0m  [["LIMIT", 1]]
  ↳ app/helpers/sessions_helper.rb:3
Completed 200 OK in 200ms (Views: 185.8ms | ActiveRecord: 4.3ms)


Started GET "/users" for ::1 at 2020-01-23 18:18:35 +0900
  
ActionController::RoutingError (No route matches [GET] "/users"):
  
actionpack (5.2.4.1) lib/action_dispatch/middleware/debug_exceptions.rb:65:in `call'
web-console (3.7.0) lib/web_console/middleware.rb:135:in `call_app'
web-console (3.7.0) lib/web_console/middleware.rb:30:in `block in call'
web-console (3.7.0) lib/web_console/middleware.rb:20:in `catch'
web-console (3.7.0) lib/web_console/middleware.rb:20:in `call'
actionpack (5.2.4.1) lib/action_dispatch/middleware/show_exceptions.rb:33:in `call'
railties (5.2.4.1) lib/rails/rack/logger.rb:38:in `call_app'
railties (5.2.4.1) lib/rails/rack/logger.rb:26:in `block in call'
activesupport (5.2.4.1) lib/active_support/tagged_logging.rb:71:in `block in tagged'
activesupport (5.2.4.1) lib/active_support/tagged_logging.rb:28:in `tagged'
activesupport (5.2.4.1) lib/active_support/tagged_logging.rb:71:in `tagged'
railties (5.2.4.1) lib/rails/rack/logger.rb:26:in `call'
sprockets-rails (3.2.1) lib/sprockets/rails/quiet_assets.rb:13:in `call'
actionpack (5.2.4.1) lib/action_dispatch/middleware/remote_ip.rb:81:in `call'
actionpack (5.2.4.1) lib/action_dispatch/middleware/request_id.rb:27:in `call'
rack (2.1.1) lib/rack/method_override.rb:24:in `call'
rack (2.1.1) lib/rack/runtime.rb:24:in `call'
activesupport (5.2.4.1) lib/active_support/cache/strategy/local_cache_middleware.rb:29:in `call'
actionpack (5.2.4.1) lib/action_dispatch/middleware/executor.rb:14:in `call'
actionpack (5.2.4.1) lib/action_dispatch/middleware/static.rb:127:in `call'
rack (2.1.1) lib/rack/sendfile.rb:113:in `call'
railties (5.2.4.1) lib/rails/engine.rb:524:in `call'
puma (3.12.2) lib/puma/configuration.rb:227:in `call'
puma (3.12.2) lib/puma/server.rb:674:in `handle_request'
puma (3.12.2) lib/puma/server.rb:476:in `process_client'
puma (3.12.2) lib/puma/server.rb:334:in `block in run'
puma (3.12.2) lib/puma/thread_pool.rb:135:in `block in spawn_thread'
Started GET "/pictures" for ::1 at 2020-01-23 18:18:46 +0900
Processing by PicturesController#index as HTML
  Rendering pictures/index.html.erb within layouts/application
  [1m[36mPicture Load (11.4ms)[0m  [1m[34mSELECT "pictures".* FROM "pictures"[0m
  ↳ app/views/pictures/index.html.erb:17
  Rendered pictures/index.html.erb within layouts/application (14.9ms)
  [1m[36mUser Load (0.2ms)[0m  [1m[34mSELECT  "users".* FROM "users" WHERE "users"."id" IS NULL LIMIT $1[0m  [["LIMIT", 1]]
  ↳ app/helpers/sessions_helper.rb:3
Completed 200 OK in 62ms (Views: 17.6ms | ActiveRecord: 12.8ms)


Started GET "/pictures" for ::1 at 2020-01-23 18:19:06 +0900
Processing by PicturesController#index as HTML
  Rendering pictures/index.html.erb within layouts/application
  [1m[36mPicture Load (0.2ms)[0m  [1m[34mSELECT "pictures".* FROM "pictures"[0m
  ↳ app/views/pictures/index.html.erb:17
  Rendered pictures/index.html.erb within layouts/application (2.9ms)
  [1m[36mUser Load (0.2ms)[0m  [1m[34mSELECT  "users".* FROM "users" WHERE "users"."id" IS NULL LIMIT $1[0m  [["LIMIT", 1]]
  ↳ app/helpers/sessions_helper.rb:3
Completed 200 OK in 28ms (Views: 16.5ms | ActiveRecord: 2.2ms)


Started GET "/pictures" for ::1 at 2020-01-23 18:19:16 +0900
  [1m[35m (0.6ms)[0m  [1m[34mSELECT "schema_migrations"."version" FROM "schema_migrations" ORDER BY "schema_migrations"."version" ASC[0m
  ↳ /Users/tsutamasato/.rbenv/versions/2.6.3/lib/ruby/gems/2.6.0/gems/activerecord-5.2.4.1/lib/active_record/log_subscriber.rb:98
Processing by PicturesController#index as HTML
  Rendering pictures/index.html.erb within layouts/application
  [1m[36mPicture Load (0.6ms)[0m  [1m[34mSELECT "pictures".* FROM "pictures"[0m
  ↳ app/views/pictures/index.html.erb:17
  Rendered pictures/index.html.erb within layouts/application (4.5ms)
  [1m[36mUser Load (0.4ms)[0m  [1m[34mSELECT  "users".* FROM "users" WHERE "users"."id" IS NULL LIMIT $1[0m  [["LIMIT", 1]]
  ↳ app/helpers/sessions_helper.rb:3
Completed 200 OK in 217ms (Views: 206.0ms | ActiveRecord: 4.7ms)


Started GET "/pictures/new" for ::1 at 2020-01-23 18:19:19 +0900
Processing by PicturesController#new as HTML
  Rendering pictures/new.html.erb within layouts/application
  Rendered pictures/_form.html.erb (38.0ms)
  Rendered pictures/new.html.erb within layouts/application (40.6ms)
  [1m[36mUser Load (0.2ms)[0m  [1m[34mSELECT  "users".* FROM "users" WHERE "users"."id" IS NULL LIMIT $1[0m  [["LIMIT", 1]]
  ↳ app/helpers/sessions_helper.rb:3
Completed 200 OK in 90ms (Views: 73.8ms | ActiveRecord: 3.0ms)


Started GET "/pictures/new" for ::1 at 2020-01-23 18:20:11 +0900
  [1m[35m (0.5ms)[0m  [1m[34mSELECT "schema_migrations"."version" FROM "schema_migrations" ORDER BY "schema_migrations"."version" ASC[0m
  ↳ /Users/tsutamasato/.rbenv/versions/2.6.3/lib/ruby/gems/2.6.0/gems/activerecord-5.2.4.1/lib/active_record/log_subscriber.rb:98
Processing by PicturesController#new as HTML
  Rendering pictures/new.html.erb within layouts/application
  Rendered pictures/_form.html.erb (8.7ms)
  Rendered pictures/new.html.erb within layouts/application (10.4ms)
  [1m[36mUser Load (0.3ms)[0m  [1m[34mSELECT  "users".* FROM "users" WHERE "users"."id" IS NULL LIMIT $1[0m  [["LIMIT", 1]]
  ↳ app/helpers/sessions_helper.rb:3
Completed 200 OK in 226ms (Views: 210.7ms | ActiveRecord: 4.8ms)


Started GET "/pictures" for ::1 at 2020-01-24 05:33:28 +0900
  [1m[35m (1.5ms)[0m  [1m[34mSELECT "schema_migrations"."version" FROM "schema_migrations" ORDER BY "schema_migrations"."version" ASC[0m
  ↳ /Users/tsutamasato/.rbenv/versions/2.6.3/lib/ruby/gems/2.6.0/gems/activerecord-5.2.4.1/lib/active_record/log_subscriber.rb:98
Processing by PicturesController#index as HTML
  Rendering pictures/index.html.erb within layouts/application
  [1m[36mPicture Load (0.8ms)[0m  [1m[34mSELECT "pictures".* FROM "pictures"[0m
  ↳ app/views/pictures/index.html.erb:17
  Rendered pictures/index.html.erb within layouts/application (4.7ms)
  [1m[36mUser Load (0.4ms)[0m  [1m[34mSELECT  "users".* FROM "users" WHERE "users"."id" IS NULL LIMIT $1[0m  [["LIMIT", 1]]
  ↳ app/helpers/sessions_helper.rb:3
Completed 200 OK in 240ms (Views: 217.9ms | ActiveRecord: 4.2ms)


Started GET "/users/new" for ::1 at 2020-01-24 05:33:33 +0900
Processing by UsersController#new as HTML
  Rendering users/new.html.erb within layouts/application
  Rendered users/_form.html.erb (29.2ms)
  Rendered users/new.html.erb within layouts/application (31.7ms)
  [1m[36mUser Load (0.3ms)[0m  [1m[34mSELECT  "users".* FROM "users" WHERE "users"."id" IS NULL LIMIT $1[0m  [["LIMIT", 1]]
  ↳ app/helpers/sessions_helper.rb:3
Completed 200 OK in 74ms (Views: 59.9ms | ActiveRecord: 2.9ms)


Started GET "/sessions/new" for ::1 at 2020-01-24 05:33:36 +0900
Processing by SessionsController#new as HTML
  Rendering sessions/new.html.erb within layouts/application
  Rendered sessions/new.html.erb within layouts/application (2.7ms)
  [1m[36mUser Load (0.3ms)[0m  [1m[34mSELECT  "users".* FROM "users" WHERE "users"."id" IS NULL LIMIT $1[0m  [["LIMIT", 1]]
  ↳ app/helpers/sessions_helper.rb:3
Completed 200 OK in 19ms (Views: 15.5ms | ActiveRecord: 0.3ms)


Started GET "/sessions/new" for ::1 at 2020-01-24 05:37:17 +0900
  [1m[35m (0.5ms)[0m  [1m[34mSELECT "schema_migrations"."version" FROM "schema_migrations" ORDER BY "schema_migrations"."version" ASC[0m
  ↳ /Users/tsutamasato/.rbenv/versions/2.6.3/lib/ruby/gems/2.6.0/gems/activerecord-5.2.4.1/lib/active_record/log_subscriber.rb:98
Processing by SessionsController#new as HTML
  Rendering sessions/new.html.erb within layouts/application
  Rendered sessions/new.html.erb within layouts/application (11.2ms)
  [1m[36mUser Load (1.2ms)[0m  [1m[34mSELECT  "users".* FROM "users" WHERE "users"."id" IS NULL LIMIT $1[0m  [["LIMIT", 1]]
  ↳ app/helpers/sessions_helper.rb:3
Completed 200 OK in 197ms (Views: 188.3ms | ActiveRecord: 2.9ms)


Started GET "/users/new" for ::1 at 2020-01-24 05:37:21 +0900
Processing by UsersController#new as HTML
  Rendering users/new.html.erb within layouts/application
  Rendered users/_form.html.erb (4.5ms)
  Rendered users/new.html.erb within layouts/application (7.5ms)
  [1m[36mUser Load (0.2ms)[0m  [1m[34mSELECT  "users".* FROM "users" WHERE "users"."id" IS NULL LIMIT $1[0m  [["LIMIT", 1]]
  ↳ app/helpers/sessions_helper.rb:3
Completed 200 OK in 69ms (Views: 56.6ms | ActiveRecord: 2.1ms)


Started GET "/users" for ::1 at 2020-01-24 05:38:27 +0900
  
ActionController::RoutingError (No route matches [GET] "/users"):
  
actionpack (5.2.4.1) lib/action_dispatch/middleware/debug_exceptions.rb:65:in `call'
web-console (3.7.0) lib/web_console/middleware.rb:135:in `call_app'
web-console (3.7.0) lib/web_console/middleware.rb:30:in `block in call'
web-console (3.7.0) lib/web_console/middleware.rb:20:in `catch'
web-console (3.7.0) lib/web_console/middleware.rb:20:in `call'
actionpack (5.2.4.1) lib/action_dispatch/middleware/show_exceptions.rb:33:in `call'
railties (5.2.4.1) lib/rails/rack/logger.rb:38:in `call_app'
railties (5.2.4.1) lib/rails/rack/logger.rb:26:in `block in call'
activesupport (5.2.4.1) lib/active_support/tagged_logging.rb:71:in `block in tagged'
activesupport (5.2.4.1) lib/active_support/tagged_logging.rb:28:in `tagged'
activesupport (5.2.4.1) lib/active_support/tagged_logging.rb:71:in `tagged'
railties (5.2.4.1) lib/rails/rack/logger.rb:26:in `call'
sprockets-rails (3.2.1) lib/sprockets/rails/quiet_assets.rb:13:in `call'
actionpack (5.2.4.1) lib/action_dispatch/middleware/remote_ip.rb:81:in `call'
actionpack (5.2.4.1) lib/action_dispatch/middleware/request_id.rb:27:in `call'
rack (2.1.1) lib/rack/method_override.rb:24:in `call'
rack (2.1.1) lib/rack/runtime.rb:24:in `call'
activesupport (5.2.4.1) lib/active_support/cache/strategy/local_cache_middleware.rb:29:in `call'
actionpack (5.2.4.1) lib/action_dispatch/middleware/executor.rb:14:in `call'
actionpack (5.2.4.1) lib/action_dispatch/middleware/static.rb:127:in `call'
rack (2.1.1) lib/rack/sendfile.rb:113:in `call'
railties (5.2.4.1) lib/rails/engine.rb:524:in `call'
puma (3.12.2) lib/puma/configuration.rb:227:in `call'
puma (3.12.2) lib/puma/server.rb:674:in `handle_request'
puma (3.12.2) lib/puma/server.rb:476:in `process_client'
puma (3.12.2) lib/puma/server.rb:334:in `block in run'
puma (3.12.2) lib/puma/thread_pool.rb:135:in `block in spawn_thread'
Started GET "/users/new" for ::1 at 2020-01-24 05:38:44 +0900
  [1m[35m (0.4ms)[0m  [1m[34mSELECT "schema_migrations"."version" FROM "schema_migrations" ORDER BY "schema_migrations"."version" ASC[0m
  ↳ /Users/tsutamasato/.rbenv/versions/2.6.3/lib/ruby/gems/2.6.0/gems/activerecord-5.2.4.1/lib/active_record/log_subscriber.rb:98
Processing by UsersController#new as HTML
  Rendering users/new.html.erb within layouts/application
  Rendered users/_form.html.erb (8.5ms)
  Rendered users/new.html.erb within layouts/application (10.0ms)
  [1m[36mUser Load (0.4ms)[0m  [1m[34mSELECT  "users".* FROM "users" WHERE "users"."id" IS NULL LIMIT $1[0m  [["LIMIT", 1]]
  ↳ app/helpers/sessions_helper.rb:3
Completed 200 OK in 185ms (Views: 170.5ms | ActiveRecord: 3.4ms)


Started GET "/picture/new" for ::1 at 2020-01-24 05:38:55 +0900
  
ActionController::RoutingError (No route matches [GET] "/picture/new"):
  
actionpack (5.2.4.1) lib/action_dispatch/middleware/debug_exceptions.rb:65:in `call'
web-console (3.7.0) lib/web_console/middleware.rb:135:in `call_app'
web-console (3.7.0) lib/web_console/middleware.rb:30:in `block in call'
web-console (3.7.0) lib/web_console/middleware.rb:20:in `catch'
web-console (3.7.0) lib/web_console/middleware.rb:20:in `call'
actionpack (5.2.4.1) lib/action_dispatch/middleware/show_exceptions.rb:33:in `call'
railties (5.2.4.1) lib/rails/rack/logger.rb:38:in `call_app'
railties (5.2.4.1) lib/rails/rack/logger.rb:26:in `block in call'
activesupport (5.2.4.1) lib/active_support/tagged_logging.rb:71:in `block in tagged'
activesupport (5.2.4.1) lib/active_support/tagged_logging.rb:28:in `tagged'
activesupport (5.2.4.1) lib/active_support/tagged_logging.rb:71:in `tagged'
railties (5.2.4.1) lib/rails/rack/logger.rb:26:in `call'
sprockets-rails (3.2.1) lib/sprockets/rails/quiet_assets.rb:13:in `call'
actionpack (5.2.4.1) lib/action_dispatch/middleware/remote_ip.rb:81:in `call'
actionpack (5.2.4.1) lib/action_dispatch/middleware/request_id.rb:27:in `call'
rack (2.1.1) lib/rack/method_override.rb:24:in `call'
rack (2.1.1) lib/rack/runtime.rb:24:in `call'
activesupport (5.2.4.1) lib/active_support/cache/strategy/local_cache_middleware.rb:29:in `call'
actionpack (5.2.4.1) lib/action_dispatch/middleware/executor.rb:14:in `call'
actionpack (5.2.4.1) lib/action_dispatch/middleware/static.rb:127:in `call'
rack (2.1.1) lib/rack/sendfile.rb:113:in `call'
railties (5.2.4.1) lib/rails/engine.rb:524:in `call'
puma (3.12.2) lib/puma/configuration.rb:227:in `call'
puma (3.12.2) lib/puma/server.rb:674:in `handle_request'
puma (3.12.2) lib/puma/server.rb:476:in `process_client'
puma (3.12.2) lib/puma/server.rb:334:in `block in run'
puma (3.12.2) lib/puma/thread_pool.rb:135:in `block in spawn_thread'
Started GET "/pictures" for ::1 at 2020-01-24 05:39:00 +0900
Processing by PicturesController#index as HTML
  Rendering pictures/index.html.erb within layouts/application
  [1m[36mPicture Load (0.5ms)[0m  [1m[34mSELECT "pictures".* FROM "pictures"[0m
  ↳ app/views/pictures/index.html.erb:17
  Rendered pictures/index.html.erb within layouts/application (3.1ms)
  [1m[36mUser Load (0.3ms)[0m  [1m[34mSELECT  "users".* FROM "users" WHERE "users"."id" IS NULL LIMIT $1[0m  [["LIMIT", 1]]
  ↳ app/helpers/sessions_helper.rb:3
Completed 200 OK in 19ms (Views: 14.6ms | ActiveRecord: 1.7ms)


Started GET "/pictures/new" for ::1 at 2020-01-24 05:39:03 +0900
Processing by PicturesController#new as HTML
  Rendering pictures/new.html.erb within layouts/application
  Rendered pictures/_form.html.erb (4.6ms)
  Rendered pictures/new.html.erb within layouts/application (6.3ms)
  [1m[36mUser Load (0.2ms)[0m  [1m[34mSELECT  "users".* FROM "users" WHERE "users"."id" IS NULL LIMIT $1[0m  [["LIMIT", 1]]
  ↳ app/helpers/sessions_helper.rb:3
Completed 200 OK in 28ms (Views: 17.1ms | ActiveRecord: 1.4ms)


Started GET "/pictures" for ::1 at 2020-01-24 05:39:05 +0900
Processing by PicturesController#index as HTML
  Rendering pictures/index.html.erb within layouts/application
  [1m[36mPicture Load (0.2ms)[0m  [1m[34mSELECT "pictures".* FROM "pictures"[0m
  ↳ app/views/pictures/index.html.erb:17
  Rendered pictures/index.html.erb within layouts/application (1.3ms)
  [1m[36mUser Load (0.2ms)[0m  [1m[34mSELECT  "users".* FROM "users" WHERE "users"."id" IS NULL LIMIT $1[0m  [["LIMIT", 1]]
  ↳ app/helpers/sessions_helper.rb:3
Completed 200 OK in 18ms (Views: 16.2ms | ActiveRecord: 0.4ms)


Started GET "/pictures/new" for ::1 at 2020-01-24 05:43:20 +0900
Processing by PicturesController#new as HTML
  Rendering pictures/new.html.erb within layouts/application
  Rendered pictures/_form.html.erb (2.1ms)
  Rendered pictures/new.html.erb within layouts/application (3.2ms)
  [1m[36mUser Load (0.3ms)[0m  [1m[34mSELECT  "users".* FROM "users" WHERE "users"."id" IS NULL LIMIT $1[0m  [["LIMIT", 1]]
  ↳ app/helpers/sessions_helper.rb:3
Completed 200 OK in 21ms (Views: 18.6ms | ActiveRecord: 0.3ms)


Started GET "/pictures" for ::1 at 2020-01-24 05:43:31 +0900
Processing by PicturesController#index as HTML
  Rendering pictures/index.html.erb within layouts/application
  [1m[36mPicture Load (0.2ms)[0m  [1m[34mSELECT "pictures".* FROM "pictures"[0m
  ↳ app/views/pictures/index.html.erb:17
  Rendered pictures/index.html.erb within layouts/application (1.6ms)
  [1m[36mUser Load (0.2ms)[0m  [1m[34mSELECT  "users".* FROM "users" WHERE "users"."id" IS NULL LIMIT $1[0m  [["LIMIT", 1]]
  ↳ app/helpers/sessions_helper.rb:3
Completed 200 OK in 20ms (Views: 18.5ms | ActiveRecord: 0.5ms)


  [1m[35m (33.7ms)[0m  [1m[35mCREATE DATABASE "insta_clone_development" ENCODING = 'unicode'[0m
  ↳ bin/rails:9
  [1m[35m (0.8ms)[0m  [1m[35mCREATE DATABASE "insta_clone_test" ENCODING = 'unicode'[0m
  ↳ bin/rails:9
  [1m[35m (5.4ms)[0m  [1m[34mSELECT pg_try_advisory_lock(3941957542784498265)[0m
  ↳ bin/rails:9
  [1m[35m (1.4ms)[0m  [1m[34mSELECT "schema_migrations"."version" FROM "schema_migrations" ORDER BY "schema_migrations"."version" ASC[0m
  ↳ bin/rails:9
  [1m[36mActiveRecord::InternalMetadata Load (7.7ms)[0m  [1m[34mSELECT  "ar_internal_metadata".* FROM "ar_internal_metadata" WHERE "ar_internal_metadata"."key" = $1 LIMIT $2[0m  [["key", "environment"], ["LIMIT", 1]]
  ↳ bin/rails:9
  [1m[35m (0.2ms)[0m  [1m[35mBEGIN[0m
  ↳ bin/rails:9
  [1m[35m (0.2ms)[0m  [1m[35mCOMMIT[0m
  ↳ bin/rails:9
  [1m[35m (0.3ms)[0m  [1m[34mSELECT pg_advisory_unlock(3941957542784498265)[0m
  ↳ bin/rails:9
  [1m[35m (0.3ms)[0m  [1m[34mSELECT "schema_migrations"."version" FROM "schema_migrations" ORDER BY "schema_migrations"."version" ASC[0m
  ↳ bin/rails:9
